2023-10-10 11:42:31.071  INFO 1 --- [main] o.j.s.m.u.m.MsvcUsuariosApplication      : Starting MsvcUsuariosApplication v0.0.1-SNAPSHOT using Java 17-ea on 257699c56502 with PID 1 (/app/msvc-usuarios-0.0.1-SNAPSHOT.jar started by root in /app)
2023-10-10 11:42:31.083  INFO 1 --- [main] o.j.s.m.u.m.MsvcUsuariosApplication      : No active profile set, falling back to 1 default profile: "default"
2023-10-10 11:42:32.654  INFO 1 --- [main] .s.d.r.c.RepositoryConfigurationDelegate : Bootstrapping Spring Data JPA repositories in DEFAULT mode.
2023-10-10 11:42:32.714  INFO 1 --- [main] .s.d.r.c.RepositoryConfigurationDelegate : Finished Spring Data repository scanning in 49 ms. Found 1 JPA repository interfaces.
2023-10-10 11:42:33.038  INFO 1 --- [main] o.s.cloud.context.scope.GenericScope     : BeanFactory id=b84177cc-ccb6-3a73-a31a-5888929eab4a
2023-10-10 11:42:33.561  INFO 1 --- [main] o.s.b.w.embedded.tomcat.TomcatWebServer  : Tomcat initialized with port(s): 8001 (http)
2023-10-10 11:42:34.388  INFO 1 --- [main] o.apache.catalina.core.StandardService   : Starting service [Tomcat]
2023-10-10 11:42:34.390  INFO 1 --- [main] org.apache.catalina.core.StandardEngine  : Starting Servlet engine: [Apache Tomcat/9.0.80]
2023-10-10 11:42:34.501  INFO 1 --- [main] o.a.c.c.C.[Tomcat].[localhost].[/]       : Initializing Spring embedded WebApplicationContext
2023-10-10 11:42:34.502  INFO 1 --- [main] w.s.c.ServletWebServerApplicationContext : Root WebApplicationContext: initialization completed in 3260 ms
2023-10-10 11:42:34.716  INFO 1 --- [main] o.hibernate.jpa.internal.util.LogHelper  : HHH000204: Processing PersistenceUnitInfo [name: default]
2023-10-10 11:42:34.773  INFO 1 --- [main] org.hibernate.Version                    : HHH000412: Hibernate ORM core version 5.6.15.Final
2023-10-10 11:42:35.014  INFO 1 --- [main] o.hibernate.annotations.common.Version   : HCANN000001: Hibernate Commons Annotations {5.1.2.Final}
2023-10-10 11:42:35.156  INFO 1 --- [main] com.zaxxer.hikari.HikariDataSource       : HikariPool-1 - Starting...
2023-10-10 11:42:35.604  INFO 1 --- [main] com.zaxxer.hikari.HikariDataSource       : HikariPool-1 - Start completed.
2023-10-10 11:42:35.621  INFO 1 --- [main] org.hibernate.dialect.Dialect            : HHH000400: Using dialect: org.hibernate.dialect.MySQL8Dialect
2023-10-10 11:42:36.840  INFO 1 --- [main] o.h.e.t.j.p.i.JtaPlatformInitiator       : HHH000490: Using JtaPlatform implementation: [org.hibernate.engine.transaction.jta.platform.internal.NoJtaPlatform]
2023-10-10 11:42:36.855  INFO 1 --- [main] j.LocalContainerEntityManagerFactoryBean : Initialized JPA EntityManagerFactory for persistence unit 'default'
2023-10-10 11:42:37.353  WARN 1 --- [main] JpaBaseConfiguration$JpaWebConfiguration : spring.jpa.open-in-view is enabled by default. Therefore, database queries may be performed during view rendering. Explicitly configure spring.jpa.open-in-view to disable this warning
2023-10-10 11:42:37.867  INFO 1 --- [main] o.s.b.w.embedded.tomcat.TomcatWebServer  : Tomcat started on port(s): 8001 (http) with context path ''
2023-10-10 11:42:37.880  INFO 1 --- [main] o.j.s.m.u.m.MsvcUsuariosApplication      : Started MsvcUsuariosApplication in 7.9 seconds (JVM running for 8.909)
2023-10-10 11:42:46.747  INFO 1 --- [http-nio-8001-exec-1] o.a.c.c.C.[Tomcat].[localhost].[/]       : Initializing Spring DispatcherServlet 'dispatcherServlet'
2023-10-10 11:42:46.754  INFO 1 --- [http-nio-8001-exec-1] o.s.web.servlet.DispatcherServlet        : Initializing Servlet 'dispatcherServlet'
2023-10-10 11:42:46.756  INFO 1 --- [http-nio-8001-exec-1] o.s.web.servlet.DispatcherServlet        : Completed initialization in 1 ms
2023-10-10 11:42:46.998 DEBUG 1 --- [http-nio-8001-exec-1] org.hibernate.SQL                        : select usuario0_.id as id1_0_, usuario0_.email as email2_0_, usuario0_.nombre as nombre3_0_, usuario0_.password as password4_0_ from usuarios usuario0_
2023-10-10 11:42:48.091 DEBUG 1 --- [http-nio-8001-exec-2] org.hibernate.SQL                        : select usuario0_.id as id1_0_, usuario0_.email as email2_0_, usuario0_.nombre as nombre3_0_, usuario0_.password as password4_0_ from usuarios usuario0_
2023-10-10 11:42:49.302 DEBUG 1 --- [http-nio-8001-exec-3] org.hibernate.SQL                        : select usuario0_.id as id1_0_, usuario0_.email as email2_0_, usuario0_.nombre as nombre3_0_, usuario0_.password as password4_0_ from usuarios usuario0_
